<?xml version="1.0" encoding="UTF-8"?>
<testsuite xmlns:xsi="http://www.w3.org/2001/XMLSchema-instance" xsi:noNamespaceSchemaLocation="https://maven.apache.org/surefire/maven-surefire-plugin/xsd/surefire-test-report.xsd" name="com.mycompany.guessthenumber.data.GameDatabaseDaoTest" time="0.105" tests="6" errors="6" skipped="0" failures="0">
  <properties>
[...]
</properties>
  <testcase name="testdeletbyid" classname="com.mycompany.guessthenumber.data.GameDatabaseDaoTest" time="0.015">
    <error type="java.lang.NullPointerException">java.lang.NullPointerException
	at com.mycompany.guessthenumber.data.GameDatabaseDaoTest.testdeletbyid(GameDatabaseDaoTest.java:126)
</error>
  </testcase>
  <testcase name="testcreategame" classname="com.mycompany.guessthenumber.data.GameDatabaseDaoTest" time="0">
    <error type="java.lang.NullPointerException">java.lang.NullPointerException
	at com.mycompany.guessthenumber.data.GameDatabaseDaoTest.testcreategame(GameDatabaseDaoTest.java:65)
</error>
  </testcase>
  <testcase name="testaddround" classname="com.mycompany.guessthenumber.data.GameDatabaseDaoTest" time="0.002">
    <error type="java.lang.NullPointerException">java.lang.NullPointerException
	at com.mycompany.guessthenumber.data.GameDatabaseDaoTest.testaddround(GameDatabaseDaoTest.java:112)
</error>
  </testcase>
  <testcase name="testgetanswer" classname="com.mycompany.guessthenumber.data.GameDatabaseDaoTest" time="0.001">
    <error type="java.lang.NullPointerException">java.lang.NullPointerException
	at com.mycompany.guessthenumber.data.GameDatabaseDaoTest.testgetanswer(GameDatabaseDaoTest.java:81)
</error>
  </testcase>
  <testcase name="testupdatetegame" classname="com.mycompany.guessthenumber.data.GameDatabaseDaoTest" time="0.001">
    <error type="java.lang.NullPointerException">java.lang.NullPointerException
	at com.mycompany.guessthenumber.data.GameDatabaseDaoTest.testupdatetegame(GameDatabaseDaoTest.java:75)
</error>
  </testcase>
  <testcase name="testgetallgames" classname="com.mycompany.guessthenumber.data.GameDatabaseDaoTest" time="0">
    <error type="java.lang.NullPointerException">java.lang.NullPointerException
	at com.mycompany.guessthenumber.data.GameDatabaseDaoTest.testgetallgames(GameDatabaseDaoTest.java:91)
</error>
  </testcase>
</testsuite>